750
0 51
22
9
52 262
26 150
407 226
44 481
231 146
113
13
433
41
890
381
390 6
118 585
34
696 952
7
186
101 130
21
33
361
25
93 99
23
616
944
181
36 47
3
179
40 447
129 290
275
65 155
149
20 12
331 68
830
83
367
1
144 947
63
829
42
673 95
104 562
55 49
70
5
434 72
15 67
4
387
32 108
28
97 66
197
708
105 80
198 171
2 71
8 152
31 94
178
154
671
173 191
174
92
89
60
137 96
74
14
10 449
219
329
254
319
185 368
69 814
261
38
54 91
27 115
591
711 237
75
142
85 126
24
761
45
117 160
161 195
50
811
78
357
351
107
207 388
103
148
989
588
35
121
395 234
64 273
243 371
11
168 828
138 471
184
606
124 810
81
136
639
86 153
162 318
189
90
525 386
205
251
29
169 774
111
82 172
141
116 238
133 18
801 552
625 783
350 545
795 417
739
233
518 280
450
43
106
256 180
166
228
19
227 289
204 699
272
30 61
438 353
621
213
546
644
249 840
73
128 573
102 236
39
135
323
555
574
183 501
17
79 252
543 469
380
245
210
258
472
88 46
715 134
143 327
123 413
301
375 156
459 589
211
87
158 84
283
281
56
76 244
235
37 250
332
286
200 304
747
292
188 582
255
247
302
176
515
765 147
112
132
651 984
109
825 382
339 487
267
994
209
194
467
347
131 215
201
410 114
599 291
348
224 151
282
701 566
199 269
270 383
163 157
630 428
446
177
307 175
145
48
526
314
342
360
295 676
362
404
343 398
98
193
257 190
402 218
288 632
120
225
397
277
396
880
57 408
127
312
253 119
220
529 958
406
452 991
384 612
457
202
405 496
232
377
346
540
592
424 661
122
187
491
771
364
242 341
376 297
509
278
758 182
196
125
203
216
240
344 494
530
229
437 264
165 355
379
679
330 879
296
479
241
345 659
77
279
473
570
315
212
461 607
333
208
399 513
192
299
276
365 961
59 470
478 490
305
942
465 392
340
706
859
328
498 427
294
909 455
511 422
794 866
705 306
139
223 988
792
873 934
303
943 753
500
159
861 322
287
221 419
474 454
16
248 631
263 246
300
393
284
415 881
922
338 517
324 444
439
460
265
100
349
502
298
370
271 542
260
865
285 619
309
316
521 568
617 259
313
522 628
336 763
464 595
325
441
636 769
602
770 885
663
627
53 740
468
310 372
110
293
489
514
266 653
440
564 579
605
268
516
167
609 385
373 920
575
378
499
689 796
423
508
400
493
409 458
416
968 401
539
986
610
442
623
311
363 643
654
321 915
354
686 618
756
656
485
222
451
510 805
688
556
550
358
394 620
389
507
698 482
320
412
411
495 414
206 547
356
484 432
553 572
675 901
425
633 580
581 751
862 789
887
62
274
682
448
533
334
335 608
704
808 466
645
140
477
559
672
483
456
492 528
436
337 781
569
925
985 800
527 666
757
788 872
749 418
534 695
768
524 603
613
719
802
735 670
567
463
818 503
657 857
480
551
488
730
733
736
834 946
626
629
813 475
531
649
352
497
601 577
590 871
903 710
504
164
624 953
799
453
544 664
596
239
691
913
992
877
697 366
668 897
723
914
421
725
519
720 683
583 717
669
721 744
217
429
604
912 973
729
426 837
431
732
430
694
722
731 949
576
420
435
462
773 760
827
864
359 443
391
549
622 832
578 858
571 684
648
743
536
714 979
728
615 960
780
962
964
594
821
641
807
557
523 58
716 476
727
905
982 681
541
817 662
170
486
369
791
824 797
759 214
538
640
532
908
755
445 833
850
678
693
724
737 977
750 558
554
650
667
548 911
940 563
614
978
844
969
845
600 726
742
535 703
565
786
374
655
700 941
776
745
660 838
803
835 403
939
954
611
842
646
816 806
930 891
772
779
918 995
702
687
326
746
851
843
956 894
937 847
597
848
785
907
950
317
875
754
854
926
839
674 996
635 910
734
584
852
889
638
846 990
752 782
561
586 932
713
764
855
787
874
898 798
690
790
923
899
933
826
766
784
712
883 685
831
886
841 868
849
860
921
793 967
680
878
637 665
987
836
936
823
677
820
647
652
777
815
505
230
741
931
971
902 512
993 965
520
983
812
853 537
882 974
916 762
778
945 587
888
966
924
718
955
634 980
819
658
560
809
775
856 598
893
892 709
748
906
929 876
970
938
935
927 981
867
895
928 884
975
822
951
308
506
919 904
870
593
642
917
863
767
692
963
804
707
738
896
972
900
869
997
998
948
957 999
959
976
